c:\users\gali\onedrive\שולחן העבודה\תרגילים\מדמח\ass5\ass5\debug\vc142.pdb
c:\users\gali\onedrive\שולחן העבודה\תרגילים\מדמח\ass5\ass5\debug\vc142.idb
c:\users\gali\onedrive\שולחן העבודה\תרגילים\מדמח\ass5\ass5\debug\ass5.obj
c:\users\gali\onedrive\שולחן העבודה\תרגילים\מדמח\ass5\ass5\debug\main.obj
c:\users\gali\onedrive\שולחן העבודה\תרגילים\מדמח\ass5\ass5\debug\element.obj
c:\users\gali\onedrive\שולחן העבודה\תרגילים\מדמח\ass5\ass5\debug\strings.obj
c:\users\gali\onedrive\שולחן העבודה\תרגילים\מדמח\ass5\ass5\debug\stack.obj
c:\users\gali\onedrive\שולחן העבודה\תרגילים\מדמח\ass5\ass5\debug\queue.obj
c:\users\gali\onedrive\שולחן העבודה\תרגילים\מדמח\ass5\ass5\debug\ass5.exe
c:\users\gali\onedrive\שולחן העבודה\תרגילים\מדמח\ass5\ass5\debug\ass5.ilk
c:\users\gali\onedrive\שולחן העבודה\תרגילים\מדמח\ass5\ass5\debug\ass5.pdb
c:\users\gali\onedrive\שולחן העבודה\תרגילים\מדמח\ass5\ass5\debug\ass5.tlog\cl.command.1.tlog
c:\users\gali\onedrive\שולחן העבודה\תרגילים\מדמח\ass5\ass5\debug\ass5.tlog\cl.read.1.tlog
c:\users\gali\onedrive\שולחן העבודה\תרגילים\מדמח\ass5\ass5\debug\ass5.tlog\cl.write.1.tlog
c:\users\gali\onedrive\שולחן העבודה\תרגילים\מדמח\ass5\ass5\debug\ass5.tlog\link-cvtres.read.1.tlog
c:\users\gali\onedrive\שולחן העבודה\תרגילים\מדמח\ass5\ass5\debug\ass5.tlog\link-cvtres.write.1.tlog
c:\users\gali\onedrive\שולחן העבודה\תרגילים\מדמח\ass5\ass5\debug\ass5.tlog\link-rc.read.1.tlog
c:\users\gali\onedrive\שולחן העבודה\תרגילים\מדמח\ass5\ass5\debug\ass5.tlog\link-rc.write.1.tlog
c:\users\gali\onedrive\שולחן העבודה\תרגילים\מדמח\ass5\ass5\debug\ass5.tlog\link.48284-cvtres.read.1.tlog
c:\users\gali\onedrive\שולחן העבודה\תרגילים\מדמח\ass5\ass5\debug\ass5.tlog\link.48284-cvtres.write.1.tlog
c:\users\gali\onedrive\שולחן העבודה\תרגילים\מדמח\ass5\ass5\debug\ass5.tlog\link.48284-rc.read.1.tlog
c:\users\gali\onedrive\שולחן העבודה\תרגילים\מדמח\ass5\ass5\debug\ass5.tlog\link.48284-rc.write.1.tlog
c:\users\gali\onedrive\שולחן העבודה\תרגילים\מדמח\ass5\ass5\debug\ass5.tlog\link.48284.read.1.tlog
c:\users\gali\onedrive\שולחן העבודה\תרגילים\מדמח\ass5\ass5\debug\ass5.tlog\link.48284.write.1.tlog
c:\users\gali\onedrive\שולחן העבודה\תרגילים\מדמח\ass5\ass5\debug\ass5.tlog\link.command.1.tlog
c:\users\gali\onedrive\שולחן העבודה\תרגילים\מדמח\ass5\ass5\debug\ass5.tlog\link.read.1.tlog
c:\users\gali\onedrive\שולחן העבודה\תרגילים\מדמח\ass5\ass5\debug\ass5.tlog\link.write.1.tlog
